<?xml version="1.0" encoding="UTF-8"?>
<!-- Generated by org.testng.reporters.JUnitXMLReporter -->
<testsuite hostname="LAPTOP-0KMM1L6H" ignored="3" name="Test" tests="3" failures="0" timestamp="2022-06-28T11:09:17 IST" time="54.203" errors="0">
  <testcase name="loginWithValidCredentials" time="29.847" classname="com.vcentry.hrm.testcase.LoginTest"/>
  <testcase name="addEmp" time="13.505" classname="com.vcentry.hrm.testcase.AddDeleteEmp"/>
  <testcase name="deleteEmp" time="10.771" classname="com.vcentry.hrm.testcase.AddDeleteEmp"/>
  <testcase name="@BeforeSuite beforeSuite" time="0.0" classname="com.vcentry.hrm.base.BaseClass">
    <ignored/>
  </testcase> <!-- @BeforeSuite beforeSuite -->
  <testcase name="@AfterSuite afterSuite" time="0.0" classname="com.vcentry.hrm.base.BaseClass">
    <ignored/>
  </testcase> <!-- @AfterSuite afterSuite -->
  <testcase name="loginWithInValidCredentials" time="0.0" classname="com.vcentry.hrm.testcase.LoginTest">
    <ignored/>
  </testcase> <!-- loginWithInValidCredentials -->
</testsuite> <!-- Test -->
